Loaded dependency [tensorrt/7.2.1.6-cuda-11.0]: cuda/11.0
Loaded module: tensorrt/7.2.1.6-cuda-11.0
Loaded module: cudnn/v8.0.5.39-prod-cuda-11.0
2021-05-08 23:27:58.813006: I tensorflow/stream_executor/platform/default/dso_loader.cc:49] Successfully opened dynamic library libcudart.so.11.0
2021-05-08 23:28:03.203431: I tensorflow/compiler/jit/xla_cpu_device.cc:41] Not creating XLA devices, tf_xla_enable_xla_devices not set
2021-05-08 23:28:03.204938: I tensorflow/stream_executor/platform/default/dso_loader.cc:49] Successfully opened dynamic library libcuda.so.1
2021-05-08 23:28:03.231400: I tensorflow/core/common_runtime/gpu/gpu_device.cc:1720] Found device 0 with properties: 
pciBusID: 0000:58:00.0 name: NVIDIA Tesla V100-PCIE-32GB computeCapability: 7.0
coreClock: 1.38GHz coreCount: 80 deviceMemorySize: 31.75GiB deviceMemoryBandwidth: 836.37GiB/s
2021-05-08 23:28:03.231429: I tensorflow/stream_executor/platform/default/dso_loader.cc:49] Successfully opened dynamic library libcudart.so.11.0
2021-05-08 23:28:03.235321: I tensorflow/stream_executor/platform/default/dso_loader.cc:49] Successfully opened dynamic library libcublas.so.11
2021-05-08 23:28:03.235367: I tensorflow/stream_executor/platform/default/dso_loader.cc:49] Successfully opened dynamic library libcublasLt.so.11
2021-05-08 23:28:03.237360: I tensorflow/stream_executor/platform/default/dso_loader.cc:49] Successfully opened dynamic library libcufft.so.10
2021-05-08 23:28:03.238514: I tensorflow/stream_executor/platform/default/dso_loader.cc:49] Successfully opened dynamic library libcurand.so.10
2021-05-08 23:28:03.241875: I tensorflow/stream_executor/platform/default/dso_loader.cc:49] Successfully opened dynamic library libcusolver.so.10
2021-05-08 23:28:03.243305: I tensorflow/stream_executor/platform/default/dso_loader.cc:49] Successfully opened dynamic library libcusparse.so.11
2021-05-08 23:28:03.244267: I tensorflow/stream_executor/platform/default/dso_loader.cc:49] Successfully opened dynamic library libcudnn.so.8
2021-05-08 23:28:03.246019: I tensorflow/core/common_runtime/gpu/gpu_device.cc:1862] Adding visible gpu devices: 0
2021-05-08 23:28:03.246374: I tensorflow/core/platform/cpu_feature_guard.cc:142] This TensorFlow binary is optimized with oneAPI Deep Neural Network Library (oneDNN) to use the following CPU instructions in performance-critical operations:  AVX2 AVX512F FMA
To enable them in other operations, rebuild TensorFlow with the appropriate compiler flags.
2021-05-08 23:28:03.246442: I tensorflow/compiler/jit/xla_gpu_device.cc:99] Not creating XLA devices, tf_xla_enable_xla_devices not set
2021-05-08 23:28:03.247382: I tensorflow/core/common_runtime/gpu/gpu_device.cc:1720] Found device 0 with properties: 
pciBusID: 0000:58:00.0 name: NVIDIA Tesla V100-PCIE-32GB computeCapability: 7.0
coreClock: 1.38GHz coreCount: 80 deviceMemorySize: 31.75GiB deviceMemoryBandwidth: 836.37GiB/s
2021-05-08 23:28:03.247397: I tensorflow/stream_executor/platform/default/dso_loader.cc:49] Successfully opened dynamic library libcudart.so.11.0
2021-05-08 23:28:03.247413: I tensorflow/stream_executor/platform/default/dso_loader.cc:49] Successfully opened dynamic library libcublas.so.11
2021-05-08 23:28:03.247422: I tensorflow/stream_executor/platform/default/dso_loader.cc:49] Successfully opened dynamic library libcublasLt.so.11
2021-05-08 23:28:03.247431: I tensorflow/stream_executor/platform/default/dso_loader.cc:49] Successfully opened dynamic library libcufft.so.10
2021-05-08 23:28:03.247439: I tensorflow/stream_executor/platform/default/dso_loader.cc:49] Successfully opened dynamic library libcurand.so.10
2021-05-08 23:28:03.247447: I tensorflow/stream_executor/platform/default/dso_loader.cc:49] Successfully opened dynamic library libcusolver.so.10
2021-05-08 23:28:03.247455: I tensorflow/stream_executor/platform/default/dso_loader.cc:49] Successfully opened dynamic library libcusparse.so.11
2021-05-08 23:28:03.247464: I tensorflow/stream_executor/platform/default/dso_loader.cc:49] Successfully opened dynamic library libcudnn.so.8
2021-05-08 23:28:03.249157: I tensorflow/core/common_runtime/gpu/gpu_device.cc:1862] Adding visible gpu devices: 0
2021-05-08 23:28:03.249183: I tensorflow/stream_executor/platform/default/dso_loader.cc:49] Successfully opened dynamic library libcudart.so.11.0
2021-05-08 23:28:03.751593: I tensorflow/core/common_runtime/gpu/gpu_device.cc:1261] Device interconnect StreamExecutor with strength 1 edge matrix:
2021-05-08 23:28:03.751633: I tensorflow/core/common_runtime/gpu/gpu_device.cc:1267]      0 
2021-05-08 23:28:03.751639: I tensorflow/core/common_runtime/gpu/gpu_device.cc:1280] 0:   N 
2021-05-08 23:28:03.754467: I tensorflow/core/common_runtime/gpu/gpu_device.cc:1406] Created TensorFlow device (/job:localhost/replica:0/task:0/device:GPU:0 with 30130 MB memory) -> physical GPU (device: 0, name: NVIDIA Tesla V100-PCIE-32GB, pci bus id: 0000:58:00.0, compute capability: 7.0)
2021-05-08 23:28:04.929662: I tensorflow/compiler/mlir/mlir_graph_optimization_pass.cc:116] None of the MLIR optimization passes are enabled (registered 2)
2021-05-08 23:28:04.933215: I tensorflow/core/platform/profile_utils/cpu_utils.cc:112] CPU Frequency: 2800000000 Hz
2021-05-08 23:28:05.015554: I tensorflow/stream_executor/platform/default/dso_loader.cc:49] Successfully opened dynamic library libcublas.so.11
2021-05-08 23:28:05.330485: I tensorflow/stream_executor/platform/default/dso_loader.cc:49] Successfully opened dynamic library libcublasLt.so.11
2021-05-09 01:15:54.218790: W tensorflow/python/util/util.cc:348] Sets are not currently considered sequences, but this may change in the future, so consider avoiding using them.
2021-05-09 01:15:55.158223: I tensorflow/core/grappler/devices.cc:69] Number of eligible GPUs (core count >= 8, compute capability >= 0.0): 1
2021-05-09 01:15:55.158296: I tensorflow/core/grappler/clusters/single_machine.cc:356] Starting new session
2021-05-09 01:15:55.163284: I tensorflow/compiler/jit/xla_gpu_device.cc:99] Not creating XLA devices, tf_xla_enable_xla_devices not set
2021-05-09 01:15:55.163719: I tensorflow/core/common_runtime/gpu/gpu_device.cc:1720] Found device 0 with properties: 
pciBusID: 0000:58:00.0 name: NVIDIA Tesla V100-PCIE-32GB computeCapability: 7.0
coreClock: 1.38GHz coreCount: 80 deviceMemorySize: 31.75GiB deviceMemoryBandwidth: 836.37GiB/s
2021-05-09 01:15:55.163743: I tensorflow/stream_executor/platform/default/dso_loader.cc:49] Successfully opened dynamic library libcudart.so.11.0
2021-05-09 01:15:55.163815: I tensorflow/stream_executor/platform/default/dso_loader.cc:49] Successfully opened dynamic library libcublas.so.11
2021-05-09 01:15:55.163824: I tensorflow/stream_executor/platform/default/dso_loader.cc:49] Successfully opened dynamic library libcublasLt.so.11
2021-05-09 01:15:55.163834: I tensorflow/stream_executor/platform/default/dso_loader.cc:49] Successfully opened dynamic library libcufft.so.10
2021-05-09 01:15:55.163843: I tensorflow/stream_executor/platform/default/dso_loader.cc:49] Successfully opened dynamic library libcurand.so.10
2021-05-09 01:15:55.163853: I tensorflow/stream_executor/platform/default/dso_loader.cc:49] Successfully opened dynamic library libcusolver.so.10
2021-05-09 01:15:55.163862: I tensorflow/stream_executor/platform/default/dso_loader.cc:49] Successfully opened dynamic library libcusparse.so.11
2021-05-09 01:15:55.163872: I tensorflow/stream_executor/platform/default/dso_loader.cc:49] Successfully opened dynamic library libcudnn.so.8
2021-05-09 01:15:55.164447: I tensorflow/core/common_runtime/gpu/gpu_device.cc:1862] Adding visible gpu devices: 0
2021-05-09 01:15:55.164479: I tensorflow/core/common_runtime/gpu/gpu_device.cc:1261] Device interconnect StreamExecutor with strength 1 edge matrix:
2021-05-09 01:15:55.164485: I tensorflow/core/common_runtime/gpu/gpu_device.cc:1267]      0 
2021-05-09 01:15:55.164490: I tensorflow/core/common_runtime/gpu/gpu_device.cc:1280] 0:   N 
2021-05-09 01:15:55.165129: I tensorflow/core/common_runtime/gpu/gpu_device.cc:1406] Created TensorFlow device (/job:localhost/replica:0/task:0/device:GPU:0 with 30130 MB memory) -> physical GPU (device: 0, name: NVIDIA Tesla V100-PCIE-32GB, pci bus id: 0000:58:00.0, compute capability: 7.0)
2021-05-09 01:15:55.177331: I tensorflow/core/grappler/optimizers/meta_optimizer.cc:928] Optimization results for grappler item: graph_to_optimize
  function_optimizer: function_optimizer did nothing. time = 0.002ms.
  function_optimizer: function_optimizer did nothing. time = 0ms.

2021-05-09 01:15:55.348717: W tensorflow/compiler/mlir/lite/python/tf_tfl_flatbuffer_helpers.cc:316] Ignored output_format.
2021-05-09 01:15:55.352953: W tensorflow/compiler/mlir/lite/python/tf_tfl_flatbuffer_helpers.cc:319] Ignored drop_control_dependency.
2021-05-09 01:15:55.436290: I tensorflow/compiler/jit/xla_gpu_device.cc:99] Not creating XLA devices, tf_xla_enable_xla_devices not set
2021-05-09 01:15:55.436846: I tensorflow/core/common_runtime/gpu/gpu_device.cc:1720] Found device 0 with properties: 
pciBusID: 0000:58:00.0 name: NVIDIA Tesla V100-PCIE-32GB computeCapability: 7.0
coreClock: 1.38GHz coreCount: 80 deviceMemorySize: 31.75GiB deviceMemoryBandwidth: 836.37GiB/s
2021-05-09 01:15:55.436872: I tensorflow/stream_executor/platform/default/dso_loader.cc:49] Successfully opened dynamic library libcudart.so.11.0
2021-05-09 01:15:55.436904: I tensorflow/stream_executor/platform/default/dso_loader.cc:49] Successfully opened dynamic library libcublas.so.11
2021-05-09 01:15:55.436913: I tensorflow/stream_executor/platform/default/dso_loader.cc:49] Successfully opened dynamic library libcublasLt.so.11
2021-05-09 01:15:55.436922: I tensorflow/stream_executor/platform/default/dso_loader.cc:49] Successfully opened dynamic library libcufft.so.10
2021-05-09 01:15:55.436931: I tensorflow/stream_executor/platform/default/dso_loader.cc:49] Successfully opened dynamic library libcurand.so.10
2021-05-09 01:15:55.436939: I tensorflow/stream_executor/platform/default/dso_loader.cc:49] Successfully opened dynamic library libcusolver.so.10
2021-05-09 01:15:55.436947: I tensorflow/stream_executor/platform/default/dso_loader.cc:49] Successfully opened dynamic library libcusparse.so.11
2021-05-09 01:15:55.436956: I tensorflow/stream_executor/platform/default/dso_loader.cc:49] Successfully opened dynamic library libcudnn.so.8
2021-05-09 01:15:55.437572: I tensorflow/core/common_runtime/gpu/gpu_device.cc:1862] Adding visible gpu devices: 0
2021-05-09 01:15:55.437602: I tensorflow/core/common_runtime/gpu/gpu_device.cc:1261] Device interconnect StreamExecutor with strength 1 edge matrix:
2021-05-09 01:15:55.437608: I tensorflow/core/common_runtime/gpu/gpu_device.cc:1267]      0 
2021-05-09 01:15:55.437612: I tensorflow/core/common_runtime/gpu/gpu_device.cc:1280] 0:   N 
2021-05-09 01:15:55.438229: I tensorflow/core/common_runtime/gpu/gpu_device.cc:1406] Created TensorFlow device (/job:localhost/replica:0/task:0/device:GPU:0 with 30130 MB memory) -> physical GPU (device: 0, name: NVIDIA Tesla V100-PCIE-32GB, pci bus id: 0000:58:00.0, compute capability: 7.0)
2021-05-09 01:15:56.861676: I tensorflow/core/grappler/devices.cc:69] Number of eligible GPUs (core count >= 8, compute capability >= 0.0): 1
2021-05-09 01:15:56.861935: I tensorflow/core/grappler/clusters/single_machine.cc:356] Starting new session
2021-05-09 01:15:56.862166: I tensorflow/compiler/jit/xla_gpu_device.cc:99] Not creating XLA devices, tf_xla_enable_xla_devices not set
2021-05-09 01:15:56.862568: I tensorflow/core/common_runtime/gpu/gpu_device.cc:1720] Found device 0 with properties: 
pciBusID: 0000:58:00.0 name: NVIDIA Tesla V100-PCIE-32GB computeCapability: 7.0
coreClock: 1.38GHz coreCount: 80 deviceMemorySize: 31.75GiB deviceMemoryBandwidth: 836.37GiB/s
2021-05-09 01:15:56.862588: I tensorflow/stream_executor/platform/default/dso_loader.cc:49] Successfully opened dynamic library libcudart.so.11.0
2021-05-09 01:15:56.862616: I tensorflow/stream_executor/platform/default/dso_loader.cc:49] Successfully opened dynamic library libcublas.so.11
2021-05-09 01:15:56.862625: I tensorflow/stream_executor/platform/default/dso_loader.cc:49] Successfully opened dynamic library libcublasLt.so.11
2021-05-09 01:15:56.862633: I tensorflow/stream_executor/platform/default/dso_loader.cc:49] Successfully opened dynamic library libcufft.so.10
2021-05-09 01:15:56.862645: I tensorflow/stream_executor/platform/default/dso_loader.cc:49] Successfully opened dynamic library libcurand.so.10
2021-05-09 01:15:56.862654: I tensorflow/stream_executor/platform/default/dso_loader.cc:49] Successfully opened dynamic library libcusolver.so.10
2021-05-09 01:15:56.862662: I tensorflow/stream_executor/platform/default/dso_loader.cc:49] Successfully opened dynamic library libcusparse.so.11
2021-05-09 01:15:56.862671: I tensorflow/stream_executor/platform/default/dso_loader.cc:49] Successfully opened dynamic library libcudnn.so.8
2021-05-09 01:15:56.863258: I tensorflow/core/common_runtime/gpu/gpu_device.cc:1862] Adding visible gpu devices: 0
2021-05-09 01:15:56.863284: I tensorflow/core/common_runtime/gpu/gpu_device.cc:1261] Device interconnect StreamExecutor with strength 1 edge matrix:
2021-05-09 01:15:56.863290: I tensorflow/core/common_runtime/gpu/gpu_device.cc:1267]      0 
2021-05-09 01:15:56.863294: I tensorflow/core/common_runtime/gpu/gpu_device.cc:1280] 0:   N 
2021-05-09 01:15:56.863896: I tensorflow/core/common_runtime/gpu/gpu_device.cc:1406] Created TensorFlow device (/job:localhost/replica:0/task:0/device:GPU:0 with 30130 MB memory) -> physical GPU (device: 0, name: NVIDIA Tesla V100-PCIE-32GB, pci bus id: 0000:58:00.0, compute capability: 7.0)
2021-05-09 01:15:56.864897: I tensorflow/core/grappler/optimizers/meta_optimizer.cc:928] Optimization results for grappler item: graph_to_optimize
  function_optimizer: function_optimizer did nothing. time = 0.002ms.
  function_optimizer: function_optimizer did nothing. time = 0.001ms.

2021-05-09 01:15:56.977947: W tensorflow/compiler/mlir/lite/python/tf_tfl_flatbuffer_helpers.cc:316] Ignored output_format.
2021-05-09 01:15:56.977986: W tensorflow/compiler/mlir/lite/python/tf_tfl_flatbuffer_helpers.cc:319] Ignored drop_control_dependency.
2021-05-09 01:15:57.042346: I tensorflow/lite/tools/optimize/quantize_weights.cc:222] Skipping quantization of tensor sequential/dense_7/MatMul because it has fewer than 1024 elements (768).
2021-05-09 01:15:58.291242: I tensorflow/core/grappler/devices.cc:69] Number of eligible GPUs (core count >= 8, compute capability >= 0.0): 1
2021-05-09 01:15:58.291502: I tensorflow/core/grappler/clusters/single_machine.cc:356] Starting new session
2021-05-09 01:15:58.291731: I tensorflow/compiler/jit/xla_gpu_device.cc:99] Not creating XLA devices, tf_xla_enable_xla_devices not set
2021-05-09 01:15:58.292135: I tensorflow/core/common_runtime/gpu/gpu_device.cc:1720] Found device 0 with properties: 
pciBusID: 0000:58:00.0 name: NVIDIA Tesla V100-PCIE-32GB computeCapability: 7.0
coreClock: 1.38GHz coreCount: 80 deviceMemorySize: 31.75GiB deviceMemoryBandwidth: 836.37GiB/s
2021-05-09 01:15:58.292155: I tensorflow/stream_executor/platform/default/dso_loader.cc:49] Successfully opened dynamic library libcudart.so.11.0
2021-05-09 01:15:58.292184: I tensorflow/stream_executor/platform/default/dso_loader.cc:49] Successfully opened dynamic library libcublas.so.11
2021-05-09 01:15:58.292193: I tensorflow/stream_executor/platform/default/dso_loader.cc:49] Successfully opened dynamic library libcublasLt.so.11
2021-05-09 01:15:58.292202: I tensorflow/stream_executor/platform/default/dso_loader.cc:49] Successfully opened dynamic library libcufft.so.10
2021-05-09 01:15:58.292211: I tensorflow/stream_executor/platform/default/dso_loader.cc:49] Successfully opened dynamic library libcurand.so.10
2021-05-09 01:15:58.292219: I tensorflow/stream_executor/platform/default/dso_loader.cc:49] Successfully opened dynamic library libcusolver.so.10
2021-05-09 01:15:58.292227: I tensorflow/stream_executor/platform/default/dso_loader.cc:49] Successfully opened dynamic library libcusparse.so.11
2021-05-09 01:15:58.292236: I tensorflow/stream_executor/platform/default/dso_loader.cc:49] Successfully opened dynamic library libcudnn.so.8
2021-05-09 01:15:58.292826: I tensorflow/core/common_runtime/gpu/gpu_device.cc:1862] Adding visible gpu devices: 0
2021-05-09 01:15:58.292856: I tensorflow/core/common_runtime/gpu/gpu_device.cc:1261] Device interconnect StreamExecutor with strength 1 edge matrix:
2021-05-09 01:15:58.292861: I tensorflow/core/common_runtime/gpu/gpu_device.cc:1267]      0 
2021-05-09 01:15:58.292866: I tensorflow/core/common_runtime/gpu/gpu_device.cc:1280] 0:   N 
2021-05-09 01:15:58.293465: I tensorflow/core/common_runtime/gpu/gpu_device.cc:1406] Created TensorFlow device (/job:localhost/replica:0/task:0/device:GPU:0 with 30130 MB memory) -> physical GPU (device: 0, name: NVIDIA Tesla V100-PCIE-32GB, pci bus id: 0000:58:00.0, compute capability: 7.0)
2021-05-09 01:15:58.294457: I tensorflow/core/grappler/optimizers/meta_optimizer.cc:928] Optimization results for grappler item: graph_to_optimize
  function_optimizer: function_optimizer did nothing. time = 0.001ms.
  function_optimizer: function_optimizer did nothing. time = 0ms.

2021-05-09 01:15:58.407237: W tensorflow/compiler/mlir/lite/python/tf_tfl_flatbuffer_helpers.cc:316] Ignored output_format.
2021-05-09 01:15:58.407277: W tensorflow/compiler/mlir/lite/python/tf_tfl_flatbuffer_helpers.cc:319] Ignored drop_control_dependency.
2021-05-09 01:15:59.693454: I tensorflow/core/grappler/devices.cc:69] Number of eligible GPUs (core count >= 8, compute capability >= 0.0): 1
2021-05-09 01:15:59.693715: I tensorflow/core/grappler/clusters/single_machine.cc:356] Starting new session
2021-05-09 01:15:59.693935: I tensorflow/compiler/jit/xla_gpu_device.cc:99] Not creating XLA devices, tf_xla_enable_xla_devices not set
2021-05-09 01:15:59.694338: I tensorflow/core/common_runtime/gpu/gpu_device.cc:1720] Found device 0 with properties: 
pciBusID: 0000:58:00.0 name: NVIDIA Tesla V100-PCIE-32GB computeCapability: 7.0
coreClock: 1.38GHz coreCount: 80 deviceMemorySize: 31.75GiB deviceMemoryBandwidth: 836.37GiB/s
2021-05-09 01:15:59.694359: I tensorflow/stream_executor/platform/default/dso_loader.cc:49] Successfully opened dynamic library libcudart.so.11.0
2021-05-09 01:15:59.694390: I tensorflow/stream_executor/platform/default/dso_loader.cc:49] Successfully opened dynamic library libcublas.so.11
2021-05-09 01:15:59.694398: I tensorflow/stream_executor/platform/default/dso_loader.cc:49] Successfully opened dynamic library libcublasLt.so.11
2021-05-09 01:15:59.694407: I tensorflow/stream_executor/platform/default/dso_loader.cc:49] Successfully opened dynamic library libcufft.so.10
2021-05-09 01:15:59.694415: I tensorflow/stream_executor/platform/default/dso_loader.cc:49] Successfully opened dynamic library libcurand.so.10
2021-05-09 01:15:59.694423: I tensorflow/stream_executor/platform/default/dso_loader.cc:49] Successfully opened dynamic library libcusolver.so.10
2021-05-09 01:15:59.694431: I tensorflow/stream_executor/platform/default/dso_loader.cc:49] Successfully opened dynamic library libcusparse.so.11
2021-05-09 01:15:59.694440: I tensorflow/stream_executor/platform/default/dso_loader.cc:49] Successfully opened dynamic library libcudnn.so.8
2021-05-09 01:15:59.695051: I tensorflow/core/common_runtime/gpu/gpu_device.cc:1862] Adding visible gpu devices: 0
2021-05-09 01:15:59.695077: I tensorflow/core/common_runtime/gpu/gpu_device.cc:1261] Device interconnect StreamExecutor with strength 1 edge matrix:
2021-05-09 01:15:59.695082: I tensorflow/core/common_runtime/gpu/gpu_device.cc:1267]      0 
2021-05-09 01:15:59.695087: I tensorflow/core/common_runtime/gpu/gpu_device.cc:1280] 0:   N 
2021-05-09 01:15:59.695687: I tensorflow/core/common_runtime/gpu/gpu_device.cc:1406] Created TensorFlow device (/job:localhost/replica:0/task:0/device:GPU:0 with 30130 MB memory) -> physical GPU (device: 0, name: NVIDIA Tesla V100-PCIE-32GB, pci bus id: 0000:58:00.0, compute capability: 7.0)
2021-05-09 01:15:59.696786: I tensorflow/core/grappler/optimizers/meta_optimizer.cc:928] Optimization results for grappler item: graph_to_optimize
  function_optimizer: function_optimizer did nothing. time = 0.001ms.
  function_optimizer: function_optimizer did nothing. time = 0ms.

2021-05-09 01:15:59.809895: W tensorflow/compiler/mlir/lite/python/tf_tfl_flatbuffer_helpers.cc:316] Ignored output_format.
2021-05-09 01:15:59.809941: W tensorflow/compiler/mlir/lite/python/tf_tfl_flatbuffer_helpers.cc:319] Ignored drop_control_dependency.
2021-05-09 01:15:59.873434: I tensorflow/lite/tools/optimize/quantize_weights.cc:222] Skipping quantization of tensor sequential_1/dense_15/MatMul because it has fewer than 1024 elements (768).
2021-05-09 01:16:01.312872: I tensorflow/core/grappler/devices.cc:69] Number of eligible GPUs (core count >= 8, compute capability >= 0.0): 1
2021-05-09 01:16:01.313110: I tensorflow/core/grappler/clusters/single_machine.cc:356] Starting new session
2021-05-09 01:16:01.313337: I tensorflow/compiler/jit/xla_gpu_device.cc:99] Not creating XLA devices, tf_xla_enable_xla_devices not set
2021-05-09 01:16:01.313756: I tensorflow/core/common_runtime/gpu/gpu_device.cc:1720] Found device 0 with properties: 
pciBusID: 0000:58:00.0 name: NVIDIA Tesla V100-PCIE-32GB computeCapability: 7.0
coreClock: 1.38GHz coreCount: 80 deviceMemorySize: 31.75GiB deviceMemoryBandwidth: 836.37GiB/s
2021-05-09 01:16:01.313778: I tensorflow/stream_executor/platform/default/dso_loader.cc:49] Successfully opened dynamic library libcudart.so.11.0
2021-05-09 01:16:01.313806: I tensorflow/stream_executor/platform/default/dso_loader.cc:49] Successfully opened dynamic library libcublas.so.11
2021-05-09 01:16:01.313815: I tensorflow/stream_executor/platform/default/dso_loader.cc:49] Successfully opened dynamic library libcublasLt.so.11
2021-05-09 01:16:01.313824: I tensorflow/stream_executor/platform/default/dso_loader.cc:49] Successfully opened dynamic library libcufft.so.10
2021-05-09 01:16:01.313832: I tensorflow/stream_executor/platform/default/dso_loader.cc:49] Successfully opened dynamic library libcurand.so.10
2021-05-09 01:16:01.313841: I tensorflow/stream_executor/platform/default/dso_loader.cc:49] Successfully opened dynamic library libcusolver.so.10
2021-05-09 01:16:01.313849: I tensorflow/stream_executor/platform/default/dso_loader.cc:49] Successfully opened dynamic library libcusparse.so.11
2021-05-09 01:16:01.313857: I tensorflow/stream_executor/platform/default/dso_loader.cc:49] Successfully opened dynamic library libcudnn.so.8
2021-05-09 01:16:01.314427: I tensorflow/core/common_runtime/gpu/gpu_device.cc:1862] Adding visible gpu devices: 0
2021-05-09 01:16:01.314453: I tensorflow/core/common_runtime/gpu/gpu_device.cc:1261] Device interconnect StreamExecutor with strength 1 edge matrix:
2021-05-09 01:16:01.314459: I tensorflow/core/common_runtime/gpu/gpu_device.cc:1267]      0 
2021-05-09 01:16:01.314463: I tensorflow/core/common_runtime/gpu/gpu_device.cc:1280] 0:   N 
2021-05-09 01:16:01.315056: I tensorflow/core/common_runtime/gpu/gpu_device.cc:1406] Created TensorFlow device (/job:localhost/replica:0/task:0/device:GPU:0 with 30130 MB memory) -> physical GPU (device: 0, name: NVIDIA Tesla V100-PCIE-32GB, pci bus id: 0000:58:00.0, compute capability: 7.0)
2021-05-09 01:16:01.316065: I tensorflow/core/grappler/optimizers/meta_optimizer.cc:928] Optimization results for grappler item: graph_to_optimize
  function_optimizer: function_optimizer did nothing. time = 0.002ms.
  function_optimizer: function_optimizer did nothing. time = 0ms.

2021-05-09 01:16:01.429021: W tensorflow/compiler/mlir/lite/python/tf_tfl_flatbuffer_helpers.cc:316] Ignored output_format.
2021-05-09 01:16:01.429063: W tensorflow/compiler/mlir/lite/python/tf_tfl_flatbuffer_helpers.cc:319] Ignored drop_control_dependency.
2021-05-09 01:16:02.715813: I tensorflow/core/grappler/devices.cc:69] Number of eligible GPUs (core count >= 8, compute capability >= 0.0): 1
2021-05-09 01:16:02.716093: I tensorflow/core/grappler/clusters/single_machine.cc:356] Starting new session
2021-05-09 01:16:02.716314: I tensorflow/compiler/jit/xla_gpu_device.cc:99] Not creating XLA devices, tf_xla_enable_xla_devices not set
2021-05-09 01:16:02.716760: I tensorflow/core/common_runtime/gpu/gpu_device.cc:1720] Found device 0 with properties: 
pciBusID: 0000:58:00.0 name: NVIDIA Tesla V100-PCIE-32GB computeCapability: 7.0
coreClock: 1.38GHz coreCount: 80 deviceMemorySize: 31.75GiB deviceMemoryBandwidth: 836.37GiB/s
2021-05-09 01:16:02.716785: I tensorflow/stream_executor/platform/default/dso_loader.cc:49] Successfully opened dynamic library libcudart.so.11.0
2021-05-09 01:16:02.716816: I tensorflow/stream_executor/platform/default/dso_loader.cc:49] Successfully opened dynamic library libcublas.so.11
2021-05-09 01:16:02.716825: I tensorflow/stream_executor/platform/default/dso_loader.cc:49] Successfully opened dynamic library libcublasLt.so.11
2021-05-09 01:16:02.716833: I tensorflow/stream_executor/platform/default/dso_loader.cc:49] Successfully opened dynamic library libcufft.so.10
2021-05-09 01:16:02.716842: I tensorflow/stream_executor/platform/default/dso_loader.cc:49] Successfully opened dynamic library libcurand.so.10
2021-05-09 01:16:02.716850: I tensorflow/stream_executor/platform/default/dso_loader.cc:49] Successfully opened dynamic library libcusolver.so.10
2021-05-09 01:16:02.716858: I tensorflow/stream_executor/platform/default/dso_loader.cc:49] Successfully opened dynamic library libcusparse.so.11
2021-05-09 01:16:02.716867: I tensorflow/stream_executor/platform/default/dso_loader.cc:49] Successfully opened dynamic library libcudnn.so.8
2021-05-09 01:16:02.717549: I tensorflow/core/common_runtime/gpu/gpu_device.cc:1862] Adding visible gpu devices: 0
2021-05-09 01:16:02.717577: I tensorflow/core/common_runtime/gpu/gpu_device.cc:1261] Device interconnect StreamExecutor with strength 1 edge matrix:
2021-05-09 01:16:02.717582: I tensorflow/core/common_runtime/gpu/gpu_device.cc:1267]      0 
2021-05-09 01:16:02.717587: I tensorflow/core/common_runtime/gpu/gpu_device.cc:1280] 0:   N 
2021-05-09 01:16:02.718208: I tensorflow/core/common_runtime/gpu/gpu_device.cc:1406] Created TensorFlow device (/job:localhost/replica:0/task:0/device:GPU:0 with 30130 MB memory) -> physical GPU (device: 0, name: NVIDIA Tesla V100-PCIE-32GB, pci bus id: 0000:58:00.0, compute capability: 7.0)
2021-05-09 01:16:02.719287: I tensorflow/core/grappler/optimizers/meta_optimizer.cc:928] Optimization results for grappler item: graph_to_optimize
  function_optimizer: function_optimizer did nothing. time = 0.002ms.
  function_optimizer: function_optimizer did nothing. time = 0ms.

2021-05-09 01:16:02.833473: W tensorflow/compiler/mlir/lite/python/tf_tfl_flatbuffer_helpers.cc:316] Ignored output_format.
2021-05-09 01:16:02.833513: W tensorflow/compiler/mlir/lite/python/tf_tfl_flatbuffer_helpers.cc:319] Ignored drop_control_dependency.
2021-05-09 01:16:02.895515: I tensorflow/lite/tools/optimize/quantize_weights.cc:222] Skipping quantization of tensor sequential_2/dense_23/MatMul because it has fewer than 1024 elements (768).
2021-05-09 01:16:04.135791: I tensorflow/core/grappler/devices.cc:69] Number of eligible GPUs (core count >= 8, compute capability >= 0.0): 1
2021-05-09 01:16:04.136184: I tensorflow/core/grappler/clusters/single_machine.cc:356] Starting new session
2021-05-09 01:16:04.136406: I tensorflow/compiler/jit/xla_gpu_device.cc:99] Not creating XLA devices, tf_xla_enable_xla_devices not set
2021-05-09 01:16:04.136826: I tensorflow/core/common_runtime/gpu/gpu_device.cc:1720] Found device 0 with properties: 
pciBusID: 0000:58:00.0 name: NVIDIA Tesla V100-PCIE-32GB computeCapability: 7.0
coreClock: 1.38GHz coreCount: 80 deviceMemorySize: 31.75GiB deviceMemoryBandwidth: 836.37GiB/s
2021-05-09 01:16:04.136846: I tensorflow/stream_executor/platform/default/dso_loader.cc:49] Successfully opened dynamic library libcudart.so.11.0
2021-05-09 01:16:04.136875: I tensorflow/stream_executor/platform/default/dso_loader.cc:49] Successfully opened dynamic library libcublas.so.11
2021-05-09 01:16:04.136884: I tensorflow/stream_executor/platform/default/dso_loader.cc:49] Successfully opened dynamic library libcublasLt.so.11
2021-05-09 01:16:04.136893: I tensorflow/stream_executor/platform/default/dso_loader.cc:49] Successfully opened dynamic library libcufft.so.10
2021-05-09 01:16:04.136901: I tensorflow/stream_executor/platform/default/dso_loader.cc:49] Successfully opened dynamic library libcurand.so.10
2021-05-09 01:16:04.136912: I tensorflow/stream_executor/platform/default/dso_loader.cc:49] Successfully opened dynamic library libcusolver.so.10
2021-05-09 01:16:04.136920: I tensorflow/stream_executor/platform/default/dso_loader.cc:49] Successfully opened dynamic library libcusparse.so.11
2021-05-09 01:16:04.136929: I tensorflow/stream_executor/platform/default/dso_loader.cc:49] Successfully opened dynamic library libcudnn.so.8
2021-05-09 01:16:04.137562: I tensorflow/core/common_runtime/gpu/gpu_device.cc:1862] Adding visible gpu devices: 0
2021-05-09 01:16:04.137587: I tensorflow/core/common_runtime/gpu/gpu_device.cc:1261] Device interconnect StreamExecutor with strength 1 edge matrix:
2021-05-09 01:16:04.137593: I tensorflow/core/common_runtime/gpu/gpu_device.cc:1267]      0 
2021-05-09 01:16:04.137597: I tensorflow/core/common_runtime/gpu/gpu_device.cc:1280] 0:   N 
2021-05-09 01:16:04.138195: I tensorflow/core/common_runtime/gpu/gpu_device.cc:1406] Created TensorFlow device (/job:localhost/replica:0/task:0/device:GPU:0 with 30130 MB memory) -> physical GPU (device: 0, name: NVIDIA Tesla V100-PCIE-32GB, pci bus id: 0000:58:00.0, compute capability: 7.0)
2021-05-09 01:16:04.139183: I tensorflow/core/grappler/optimizers/meta_optimizer.cc:928] Optimization results for grappler item: graph_to_optimize
  function_optimizer: function_optimizer did nothing. time = 0.001ms.
  function_optimizer: function_optimizer did nothing. time = 0ms.

2021-05-09 01:16:04.252687: W tensorflow/compiler/mlir/lite/python/tf_tfl_flatbuffer_helpers.cc:316] Ignored output_format.
2021-05-09 01:16:04.252730: W tensorflow/compiler/mlir/lite/python/tf_tfl_flatbuffer_helpers.cc:319] Ignored drop_control_dependency.
2021-05-09 01:16:05.723026: I tensorflow/core/grappler/devices.cc:69] Number of eligible GPUs (core count >= 8, compute capability >= 0.0): 1
2021-05-09 01:16:05.723263: I tensorflow/core/grappler/clusters/single_machine.cc:356] Starting new session
2021-05-09 01:16:05.723484: I tensorflow/compiler/jit/xla_gpu_device.cc:99] Not creating XLA devices, tf_xla_enable_xla_devices not set
2021-05-09 01:16:05.723904: I tensorflow/core/common_runtime/gpu/gpu_device.cc:1720] Found device 0 with properties: 
pciBusID: 0000:58:00.0 name: NVIDIA Tesla V100-PCIE-32GB computeCapability: 7.0
coreClock: 1.38GHz coreCount: 80 deviceMemorySize: 31.75GiB deviceMemoryBandwidth: 836.37GiB/s
2021-05-09 01:16:05.723925: I tensorflow/stream_executor/platform/default/dso_loader.cc:49] Successfully opened dynamic library libcudart.so.11.0
2021-05-09 01:16:05.723956: I tensorflow/stream_executor/platform/default/dso_loader.cc:49] Successfully opened dynamic library libcublas.so.11
2021-05-09 01:16:05.723965: I tensorflow/stream_executor/platform/default/dso_loader.cc:49] Successfully opened dynamic library libcublasLt.so.11
2021-05-09 01:16:05.723973: I tensorflow/stream_executor/platform/default/dso_loader.cc:49] Successfully opened dynamic library libcufft.so.10
2021-05-09 01:16:05.723982: I tensorflow/stream_executor/platform/default/dso_loader.cc:49] Successfully opened dynamic library libcurand.so.10
2021-05-09 01:16:05.723990: I tensorflow/stream_executor/platform/default/dso_loader.cc:49] Successfully opened dynamic library libcusolver.so.10
2021-05-09 01:16:05.723998: I tensorflow/stream_executor/platform/default/dso_loader.cc:49] Successfully opened dynamic library libcusparse.so.11
2021-05-09 01:16:05.724007: I tensorflow/stream_executor/platform/default/dso_loader.cc:49] Successfully opened dynamic library libcudnn.so.8
2021-05-09 01:16:05.724589: I tensorflow/core/common_runtime/gpu/gpu_device.cc:1862] Adding visible gpu devices: 0
2021-05-09 01:16:05.724615: I tensorflow/core/common_runtime/gpu/gpu_device.cc:1261] Device interconnect StreamExecutor with strength 1 edge matrix:
2021-05-09 01:16:05.724621: I tensorflow/core/common_runtime/gpu/gpu_device.cc:1267]      0 
2021-05-09 01:16:05.724625: I tensorflow/core/common_runtime/gpu/gpu_device.cc:1280] 0:   N 
2021-05-09 01:16:05.725274: I tensorflow/core/common_runtime/gpu/gpu_device.cc:1406] Created TensorFlow device (/job:localhost/replica:0/task:0/device:GPU:0 with 30130 MB memory) -> physical GPU (device: 0, name: NVIDIA Tesla V100-PCIE-32GB, pci bus id: 0000:58:00.0, compute capability: 7.0)
2021-05-09 01:16:05.726310: I tensorflow/core/grappler/optimizers/meta_optimizer.cc:928] Optimization results for grappler item: graph_to_optimize
  function_optimizer: function_optimizer did nothing. time = 0.001ms.
  function_optimizer: function_optimizer did nothing. time = 0ms.

2021-05-09 01:16:05.840846: W tensorflow/compiler/mlir/lite/python/tf_tfl_flatbuffer_helpers.cc:316] Ignored output_format.
2021-05-09 01:16:05.840887: W tensorflow/compiler/mlir/lite/python/tf_tfl_flatbuffer_helpers.cc:319] Ignored drop_control_dependency.
2021-05-09 01:16:05.902189: I tensorflow/lite/tools/optimize/quantize_weights.cc:222] Skipping quantization of tensor sequential_3/dense_31/MatMul because it has fewer than 1024 elements (768).
