2021-05-08 14:25:50.205907: W tensorflow/stream_executor/platform/default/dso_loader.cc:60] Could not load dynamic library 'libcudart.so.11.0'; dlerror: libcudart.so.11.0: cannot open shared object file: No such file or directory; LD_LIBRARY_PATH: /lsf/10.1/linux3.10-glibc2.17-x86_64/lib
2021-05-08 14:25:50.205944: I tensorflow/stream_executor/cuda/cudart_stub.cc:29] Ignore above cudart dlerror if you do not have a GPU set up on your machine.
2021-05-08 14:25:57.582685: I tensorflow/compiler/jit/xla_cpu_device.cc:41] Not creating XLA devices, tf_xla_enable_xla_devices not set
2021-05-08 14:25:57.585896: I tensorflow/stream_executor/platform/default/dso_loader.cc:49] Successfully opened dynamic library libcuda.so.1
2021-05-08 14:25:57.633008: I tensorflow/core/common_runtime/gpu/gpu_device.cc:1720] Found device 0 with properties: 
pciBusID: 0000:3b:00.0 name: NVIDIA Tesla V100-SXM2-32GB computeCapability: 7.0
coreClock: 1.53GHz coreCount: 80 deviceMemorySize: 31.75GiB deviceMemoryBandwidth: 836.37GiB/s
2021-05-08 14:25:57.634039: W tensorflow/stream_executor/platform/default/dso_loader.cc:60] Could not load dynamic library 'libcudart.so.11.0'; dlerror: libcudart.so.11.0: cannot open shared object file: No such file or directory; LD_LIBRARY_PATH: /lsf/10.1/linux3.10-glibc2.17-x86_64/lib
2021-05-08 14:25:57.634909: W tensorflow/stream_executor/platform/default/dso_loader.cc:60] Could not load dynamic library 'libcublas.so.11'; dlerror: libcublas.so.11: cannot open shared object file: No such file or directory; LD_LIBRARY_PATH: /lsf/10.1/linux3.10-glibc2.17-x86_64/lib
2021-05-08 14:25:57.635785: W tensorflow/stream_executor/platform/default/dso_loader.cc:60] Could not load dynamic library 'libcublasLt.so.11'; dlerror: libcublasLt.so.11: cannot open shared object file: No such file or directory; LD_LIBRARY_PATH: /lsf/10.1/linux3.10-glibc2.17-x86_64/lib
2021-05-08 14:25:57.636651: W tensorflow/stream_executor/platform/default/dso_loader.cc:60] Could not load dynamic library 'libcufft.so.10'; dlerror: libcufft.so.10: cannot open shared object file: No such file or directory; LD_LIBRARY_PATH: /lsf/10.1/linux3.10-glibc2.17-x86_64/lib
2021-05-08 14:25:57.637472: W tensorflow/stream_executor/platform/default/dso_loader.cc:60] Could not load dynamic library 'libcurand.so.10'; dlerror: libcurand.so.10: cannot open shared object file: No such file or directory; LD_LIBRARY_PATH: /lsf/10.1/linux3.10-glibc2.17-x86_64/lib
2021-05-08 14:25:57.638269: W tensorflow/stream_executor/platform/default/dso_loader.cc:60] Could not load dynamic library 'libcusolver.so.10'; dlerror: libcusolver.so.10: cannot open shared object file: No such file or directory; LD_LIBRARY_PATH: /lsf/10.1/linux3.10-glibc2.17-x86_64/lib
2021-05-08 14:25:57.639055: W tensorflow/stream_executor/platform/default/dso_loader.cc:60] Could not load dynamic library 'libcusparse.so.11'; dlerror: libcusparse.so.11: cannot open shared object file: No such file or directory; LD_LIBRARY_PATH: /lsf/10.1/linux3.10-glibc2.17-x86_64/lib
2021-05-08 14:25:57.639859: W tensorflow/stream_executor/platform/default/dso_loader.cc:60] Could not load dynamic library 'libcudnn.so.8'; dlerror: libcudnn.so.8: cannot open shared object file: No such file or directory; LD_LIBRARY_PATH: /lsf/10.1/linux3.10-glibc2.17-x86_64/lib
2021-05-08 14:25:57.639876: W tensorflow/core/common_runtime/gpu/gpu_device.cc:1757] Cannot dlopen some GPU libraries. Please make sure the missing libraries mentioned above are installed properly if you would like to use GPU. Follow the guide at https://www.tensorflow.org/install/gpu for how to download and setup the required libraries for your platform.
Skipping registering GPU devices...
2021-05-08 14:25:57.640337: I tensorflow/core/platform/cpu_feature_guard.cc:142] This TensorFlow binary is optimized with oneAPI Deep Neural Network Library (oneDNN) to use the following CPU instructions in performance-critical operations:  AVX2 AVX512F FMA
To enable them in other operations, rebuild TensorFlow with the appropriate compiler flags.
2021-05-08 14:25:57.640821: I tensorflow/compiler/jit/xla_gpu_device.cc:99] Not creating XLA devices, tf_xla_enable_xla_devices not set
2021-05-08 14:25:57.640846: I tensorflow/core/common_runtime/gpu/gpu_device.cc:1261] Device interconnect StreamExecutor with strength 1 edge matrix:
2021-05-08 14:25:57.640853: I tensorflow/core/common_runtime/gpu/gpu_device.cc:1267]      
2021-05-08 14:25:58.295504: I tensorflow/compiler/mlir/mlir_graph_optimization_pass.cc:116] None of the MLIR optimization passes are enabled (registered 2)
2021-05-08 14:25:58.298289: I tensorflow/core/platform/profile_utils/cpu_utils.cc:112] CPU Frequency: 2600000000 Hz
2021-05-08 15:04:40.306087: W tensorflow/python/util/util.cc:348] Sets are not currently considered sequences, but this may change in the future, so consider avoiding using them.
2021-05-08 15:04:41.213654: I tensorflow/core/grappler/devices.cc:69] Number of eligible GPUs (core count >= 8, compute capability >= 0.0): 1
2021-05-08 15:04:41.213755: I tensorflow/core/grappler/clusters/single_machine.cc:356] Starting new session
2021-05-08 15:04:41.214055: I tensorflow/compiler/jit/xla_gpu_device.cc:99] Not creating XLA devices, tf_xla_enable_xla_devices not set
2021-05-08 15:04:41.215240: I tensorflow/core/common_runtime/gpu/gpu_device.cc:1720] Found device 0 with properties: 
pciBusID: 0000:3b:00.0 name: NVIDIA Tesla V100-SXM2-32GB computeCapability: 7.0
coreClock: 1.53GHz coreCount: 80 deviceMemorySize: 31.75GiB deviceMemoryBandwidth: 836.37GiB/s
2021-05-08 15:04:41.217815: W tensorflow/stream_executor/platform/default/dso_loader.cc:60] Could not load dynamic library 'libcudart.so.11.0'; dlerror: libcudart.so.11.0: cannot open shared object file: No such file or directory; LD_LIBRARY_PATH: /lsf/10.1/linux3.10-glibc2.17-x86_64/lib
2021-05-08 15:04:41.218708: W tensorflow/stream_executor/platform/default/dso_loader.cc:60] Could not load dynamic library 'libcublas.so.11'; dlerror: libcublas.so.11: cannot open shared object file: No such file or directory; LD_LIBRARY_PATH: /lsf/10.1/linux3.10-glibc2.17-x86_64/lib
2021-05-08 15:04:41.219540: W tensorflow/stream_executor/platform/default/dso_loader.cc:60] Could not load dynamic library 'libcublasLt.so.11'; dlerror: libcublasLt.so.11: cannot open shared object file: No such file or directory; LD_LIBRARY_PATH: /lsf/10.1/linux3.10-glibc2.17-x86_64/lib
2021-05-08 15:04:41.220384: W tensorflow/stream_executor/platform/default/dso_loader.cc:60] Could not load dynamic library 'libcufft.so.10'; dlerror: libcufft.so.10: cannot open shared object file: No such file or directory; LD_LIBRARY_PATH: /lsf/10.1/linux3.10-glibc2.17-x86_64/lib
2021-05-08 15:04:41.221267: W tensorflow/stream_executor/platform/default/dso_loader.cc:60] Could not load dynamic library 'libcurand.so.10'; dlerror: libcurand.so.10: cannot open shared object file: No such file or directory; LD_LIBRARY_PATH: /lsf/10.1/linux3.10-glibc2.17-x86_64/lib
2021-05-08 15:04:41.222094: W tensorflow/stream_executor/platform/default/dso_loader.cc:60] Could not load dynamic library 'libcusolver.so.10'; dlerror: libcusolver.so.10: cannot open shared object file: No such file or directory; LD_LIBRARY_PATH: /lsf/10.1/linux3.10-glibc2.17-x86_64/lib
2021-05-08 15:04:41.223082: W tensorflow/stream_executor/platform/default/dso_loader.cc:60] Could not load dynamic library 'libcusparse.so.11'; dlerror: libcusparse.so.11: cannot open shared object file: No such file or directory; LD_LIBRARY_PATH: /lsf/10.1/linux3.10-glibc2.17-x86_64/lib
2021-05-08 15:04:41.223894: W tensorflow/stream_executor/platform/default/dso_loader.cc:60] Could not load dynamic library 'libcudnn.so.8'; dlerror: libcudnn.so.8: cannot open shared object file: No such file or directory; LD_LIBRARY_PATH: /lsf/10.1/linux3.10-glibc2.17-x86_64/lib
2021-05-08 15:04:41.223905: W tensorflow/core/common_runtime/gpu/gpu_device.cc:1757] Cannot dlopen some GPU libraries. Please make sure the missing libraries mentioned above are installed properly if you would like to use GPU. Follow the guide at https://www.tensorflow.org/install/gpu for how to download and setup the required libraries for your platform.
Skipping registering GPU devices...
2021-05-08 15:04:41.321116: I tensorflow/core/common_runtime/gpu/gpu_device.cc:1261] Device interconnect StreamExecutor with strength 1 edge matrix:
2021-05-08 15:04:41.321487: I tensorflow/core/common_runtime/gpu/gpu_device.cc:1267]      0 
2021-05-08 15:04:41.321497: I tensorflow/core/common_runtime/gpu/gpu_device.cc:1280] 0:   N 
2021-05-08 15:04:41.322665: I tensorflow/core/grappler/optimizers/meta_optimizer.cc:928] Optimization results for grappler item: graph_to_optimize
  function_optimizer: function_optimizer did nothing. time = 0.002ms.
  function_optimizer: function_optimizer did nothing. time = 0ms.

2021-05-08 15:04:41.460927: W tensorflow/compiler/mlir/lite/python/tf_tfl_flatbuffer_helpers.cc:316] Ignored output_format.
2021-05-08 15:04:41.460971: W tensorflow/compiler/mlir/lite/python/tf_tfl_flatbuffer_helpers.cc:319] Ignored drop_control_dependency.
2021-05-08 15:04:41.483285: I tensorflow/compiler/jit/xla_gpu_device.cc:99] Not creating XLA devices, tf_xla_enable_xla_devices not set
2021-05-08 15:04:41.484648: I tensorflow/core/common_runtime/gpu/gpu_device.cc:1720] Found device 0 with properties: 
pciBusID: 0000:3b:00.0 name: NVIDIA Tesla V100-SXM2-32GB computeCapability: 7.0
coreClock: 1.53GHz coreCount: 80 deviceMemorySize: 31.75GiB deviceMemoryBandwidth: 836.37GiB/s
2021-05-08 15:04:41.487346: W tensorflow/stream_executor/platform/default/dso_loader.cc:60] Could not load dynamic library 'libcudart.so.11.0'; dlerror: libcudart.so.11.0: cannot open shared object file: No such file or directory; LD_LIBRARY_PATH: /lsf/10.1/linux3.10-glibc2.17-x86_64/lib
2021-05-08 15:04:41.488156: W tensorflow/stream_executor/platform/default/dso_loader.cc:60] Could not load dynamic library 'libcublas.so.11'; dlerror: libcublas.so.11: cannot open shared object file: No such file or directory; LD_LIBRARY_PATH: /lsf/10.1/linux3.10-glibc2.17-x86_64/lib
2021-05-08 15:04:41.489139: W tensorflow/stream_executor/platform/default/dso_loader.cc:60] Could not load dynamic library 'libcublasLt.so.11'; dlerror: libcublasLt.so.11: cannot open shared object file: No such file or directory; LD_LIBRARY_PATH: /lsf/10.1/linux3.10-glibc2.17-x86_64/lib
2021-05-08 15:04:41.489999: W tensorflow/stream_executor/platform/default/dso_loader.cc:60] Could not load dynamic library 'libcufft.so.10'; dlerror: libcufft.so.10: cannot open shared object file: No such file or directory; LD_LIBRARY_PATH: /lsf/10.1/linux3.10-glibc2.17-x86_64/lib
2021-05-08 15:04:41.490808: W tensorflow/stream_executor/platform/default/dso_loader.cc:60] Could not load dynamic library 'libcurand.so.10'; dlerror: libcurand.so.10: cannot open shared object file: No such file or directory; LD_LIBRARY_PATH: /lsf/10.1/linux3.10-glibc2.17-x86_64/lib
2021-05-08 15:04:41.491684: W tensorflow/stream_executor/platform/default/dso_loader.cc:60] Could not load dynamic library 'libcusolver.so.10'; dlerror: libcusolver.so.10: cannot open shared object file: No such file or directory; LD_LIBRARY_PATH: /lsf/10.1/linux3.10-glibc2.17-x86_64/lib
2021-05-08 15:04:41.492611: W tensorflow/stream_executor/platform/default/dso_loader.cc:60] Could not load dynamic library 'libcusparse.so.11'; dlerror: libcusparse.so.11: cannot open shared object file: No such file or directory; LD_LIBRARY_PATH: /lsf/10.1/linux3.10-glibc2.17-x86_64/lib
2021-05-08 15:04:41.498745: W tensorflow/stream_executor/platform/default/dso_loader.cc:60] Could not load dynamic library 'libcudnn.so.8'; dlerror: libcudnn.so.8: cannot open shared object file: No such file or directory; LD_LIBRARY_PATH: /lsf/10.1/linux3.10-glibc2.17-x86_64/lib
2021-05-08 15:04:41.498756: W tensorflow/core/common_runtime/gpu/gpu_device.cc:1757] Cannot dlopen some GPU libraries. Please make sure the missing libraries mentioned above are installed properly if you would like to use GPU. Follow the guide at https://www.tensorflow.org/install/gpu for how to download and setup the required libraries for your platform.
Skipping registering GPU devices...
2021-05-08 15:04:41.498772: I tensorflow/core/common_runtime/gpu/gpu_device.cc:1261] Device interconnect StreamExecutor with strength 1 edge matrix:
2021-05-08 15:04:41.498784: I tensorflow/core/common_runtime/gpu/gpu_device.cc:1267]      0 
2021-05-08 15:04:41.498792: I tensorflow/core/common_runtime/gpu/gpu_device.cc:1280] 0:   N 
2021-05-08 15:04:42.779374: I tensorflow/core/grappler/devices.cc:69] Number of eligible GPUs (core count >= 8, compute capability >= 0.0): 1
2021-05-08 15:04:42.779765: I tensorflow/core/grappler/clusters/single_machine.cc:356] Starting new session
2021-05-08 15:04:42.780038: I tensorflow/compiler/jit/xla_gpu_device.cc:99] Not creating XLA devices, tf_xla_enable_xla_devices not set
2021-05-08 15:04:42.781223: I tensorflow/core/common_runtime/gpu/gpu_device.cc:1720] Found device 0 with properties: 
pciBusID: 0000:3b:00.0 name: NVIDIA Tesla V100-SXM2-32GB computeCapability: 7.0
coreClock: 1.53GHz coreCount: 80 deviceMemorySize: 31.75GiB deviceMemoryBandwidth: 836.37GiB/s
2021-05-08 15:04:42.784105: W tensorflow/stream_executor/platform/default/dso_loader.cc:60] Could not load dynamic library 'libcudart.so.11.0'; dlerror: libcudart.so.11.0: cannot open shared object file: No such file or directory; LD_LIBRARY_PATH: /lsf/10.1/linux3.10-glibc2.17-x86_64/lib
2021-05-08 15:04:42.784919: W tensorflow/stream_executor/platform/default/dso_loader.cc:60] Could not load dynamic library 'libcublas.so.11'; dlerror: libcublas.so.11: cannot open shared object file: No such file or directory; LD_LIBRARY_PATH: /lsf/10.1/linux3.10-glibc2.17-x86_64/lib
2021-05-08 15:04:42.785730: W tensorflow/stream_executor/platform/default/dso_loader.cc:60] Could not load dynamic library 'libcublasLt.so.11'; dlerror: libcublasLt.so.11: cannot open shared object file: No such file or directory; LD_LIBRARY_PATH: /lsf/10.1/linux3.10-glibc2.17-x86_64/lib
2021-05-08 15:04:42.786540: W tensorflow/stream_executor/platform/default/dso_loader.cc:60] Could not load dynamic library 'libcufft.so.10'; dlerror: libcufft.so.10: cannot open shared object file: No such file or directory; LD_LIBRARY_PATH: /lsf/10.1/linux3.10-glibc2.17-x86_64/lib
2021-05-08 15:04:42.787391: W tensorflow/stream_executor/platform/default/dso_loader.cc:60] Could not load dynamic library 'libcurand.so.10'; dlerror: libcurand.so.10: cannot open shared object file: No such file or directory; LD_LIBRARY_PATH: /lsf/10.1/linux3.10-glibc2.17-x86_64/lib
2021-05-08 15:04:42.788259: W tensorflow/stream_executor/platform/default/dso_loader.cc:60] Could not load dynamic library 'libcusolver.so.10'; dlerror: libcusolver.so.10: cannot open shared object file: No such file or directory; LD_LIBRARY_PATH: /lsf/10.1/linux3.10-glibc2.17-x86_64/lib
2021-05-08 15:04:42.789075: W tensorflow/stream_executor/platform/default/dso_loader.cc:60] Could not load dynamic library 'libcusparse.so.11'; dlerror: libcusparse.so.11: cannot open shared object file: No such file or directory; LD_LIBRARY_PATH: /lsf/10.1/linux3.10-glibc2.17-x86_64/lib
2021-05-08 15:04:42.790085: W tensorflow/stream_executor/platform/default/dso_loader.cc:60] Could not load dynamic library 'libcudnn.so.8'; dlerror: libcudnn.so.8: cannot open shared object file: No such file or directory; LD_LIBRARY_PATH: /lsf/10.1/linux3.10-glibc2.17-x86_64/lib
2021-05-08 15:04:42.790095: W tensorflow/core/common_runtime/gpu/gpu_device.cc:1757] Cannot dlopen some GPU libraries. Please make sure the missing libraries mentioned above are installed properly if you would like to use GPU. Follow the guide at https://www.tensorflow.org/install/gpu for how to download and setup the required libraries for your platform.
Skipping registering GPU devices...
2021-05-08 15:04:42.790112: I tensorflow/core/common_runtime/gpu/gpu_device.cc:1261] Device interconnect StreamExecutor with strength 1 edge matrix:
2021-05-08 15:04:42.790119: I tensorflow/core/common_runtime/gpu/gpu_device.cc:1267]      0 
2021-05-08 15:04:42.790126: I tensorflow/core/common_runtime/gpu/gpu_device.cc:1280] 0:   N 
2021-05-08 15:04:42.791140: I tensorflow/core/grappler/optimizers/meta_optimizer.cc:928] Optimization results for grappler item: graph_to_optimize
  function_optimizer: function_optimizer did nothing. time = 0.001ms.
  function_optimizer: function_optimizer did nothing. time = 0ms.

2021-05-08 15:04:42.905637: W tensorflow/compiler/mlir/lite/python/tf_tfl_flatbuffer_helpers.cc:316] Ignored output_format.
2021-05-08 15:04:42.905683: W tensorflow/compiler/mlir/lite/python/tf_tfl_flatbuffer_helpers.cc:319] Ignored drop_control_dependency.
2021-05-08 15:04:42.976104: I tensorflow/lite/tools/optimize/quantize_weights.cc:222] Skipping quantization of tensor sequential/dense_7/MatMul because it has fewer than 1024 elements (768).
2021-05-08 15:04:44.415466: I tensorflow/core/grappler/devices.cc:69] Number of eligible GPUs (core count >= 8, compute capability >= 0.0): 1
2021-05-08 15:04:44.415977: I tensorflow/core/grappler/clusters/single_machine.cc:356] Starting new session
2021-05-08 15:04:44.416236: I tensorflow/compiler/jit/xla_gpu_device.cc:99] Not creating XLA devices, tf_xla_enable_xla_devices not set
2021-05-08 15:04:44.417424: I tensorflow/core/common_runtime/gpu/gpu_device.cc:1720] Found device 0 with properties: 
pciBusID: 0000:3b:00.0 name: NVIDIA Tesla V100-SXM2-32GB computeCapability: 7.0
coreClock: 1.53GHz coreCount: 80 deviceMemorySize: 31.75GiB deviceMemoryBandwidth: 836.37GiB/s
2021-05-08 15:04:44.420242: W tensorflow/stream_executor/platform/default/dso_loader.cc:60] Could not load dynamic library 'libcudart.so.11.0'; dlerror: libcudart.so.11.0: cannot open shared object file: No such file or directory; LD_LIBRARY_PATH: /lsf/10.1/linux3.10-glibc2.17-x86_64/lib
2021-05-08 15:04:44.421056: W tensorflow/stream_executor/platform/default/dso_loader.cc:60] Could not load dynamic library 'libcublas.so.11'; dlerror: libcublas.so.11: cannot open shared object file: No such file or directory; LD_LIBRARY_PATH: /lsf/10.1/linux3.10-glibc2.17-x86_64/lib
2021-05-08 15:04:44.421873: W tensorflow/stream_executor/platform/default/dso_loader.cc:60] Could not load dynamic library 'libcublasLt.so.11'; dlerror: libcublasLt.so.11: cannot open shared object file: No such file or directory; LD_LIBRARY_PATH: /lsf/10.1/linux3.10-glibc2.17-x86_64/lib
2021-05-08 15:04:44.422795: W tensorflow/stream_executor/platform/default/dso_loader.cc:60] Could not load dynamic library 'libcufft.so.10'; dlerror: libcufft.so.10: cannot open shared object file: No such file or directory; LD_LIBRARY_PATH: /lsf/10.1/linux3.10-glibc2.17-x86_64/lib
2021-05-08 15:04:44.423652: W tensorflow/stream_executor/platform/default/dso_loader.cc:60] Could not load dynamic library 'libcurand.so.10'; dlerror: libcurand.so.10: cannot open shared object file: No such file or directory; LD_LIBRARY_PATH: /lsf/10.1/linux3.10-glibc2.17-x86_64/lib
2021-05-08 15:04:44.424501: W tensorflow/stream_executor/platform/default/dso_loader.cc:60] Could not load dynamic library 'libcusolver.so.10'; dlerror: libcusolver.so.10: cannot open shared object file: No such file or directory; LD_LIBRARY_PATH: /lsf/10.1/linux3.10-glibc2.17-x86_64/lib
2021-05-08 15:04:44.425308: W tensorflow/stream_executor/platform/default/dso_loader.cc:60] Could not load dynamic library 'libcusparse.so.11'; dlerror: libcusparse.so.11: cannot open shared object file: No such file or directory; LD_LIBRARY_PATH: /lsf/10.1/linux3.10-glibc2.17-x86_64/lib
2021-05-08 15:04:44.426145: W tensorflow/stream_executor/platform/default/dso_loader.cc:60] Could not load dynamic library 'libcudnn.so.8'; dlerror: libcudnn.so.8: cannot open shared object file: No such file or directory; LD_LIBRARY_PATH: /lsf/10.1/linux3.10-glibc2.17-x86_64/lib
2021-05-08 15:04:44.426156: W tensorflow/core/common_runtime/gpu/gpu_device.cc:1757] Cannot dlopen some GPU libraries. Please make sure the missing libraries mentioned above are installed properly if you would like to use GPU. Follow the guide at https://www.tensorflow.org/install/gpu for how to download and setup the required libraries for your platform.
Skipping registering GPU devices...
2021-05-08 15:04:44.426171: I tensorflow/core/common_runtime/gpu/gpu_device.cc:1261] Device interconnect StreamExecutor with strength 1 edge matrix:
2021-05-08 15:04:44.426183: I tensorflow/core/common_runtime/gpu/gpu_device.cc:1267]      0 
2021-05-08 15:04:44.426190: I tensorflow/core/common_runtime/gpu/gpu_device.cc:1280] 0:   N 
2021-05-08 15:04:44.427210: I tensorflow/core/grappler/optimizers/meta_optimizer.cc:928] Optimization results for grappler item: graph_to_optimize
  function_optimizer: function_optimizer did nothing. time = 0.001ms.
  function_optimizer: function_optimizer did nothing. time = 0.001ms.

2021-05-08 15:04:44.541655: W tensorflow/compiler/mlir/lite/python/tf_tfl_flatbuffer_helpers.cc:316] Ignored output_format.
2021-05-08 15:04:44.541701: W tensorflow/compiler/mlir/lite/python/tf_tfl_flatbuffer_helpers.cc:319] Ignored drop_control_dependency.
2021-05-08 15:04:45.823101: I tensorflow/core/grappler/devices.cc:69] Number of eligible GPUs (core count >= 8, compute capability >= 0.0): 1
2021-05-08 15:04:45.823457: I tensorflow/core/grappler/clusters/single_machine.cc:356] Starting new session
2021-05-08 15:04:45.823706: I tensorflow/compiler/jit/xla_gpu_device.cc:99] Not creating XLA devices, tf_xla_enable_xla_devices not set
2021-05-08 15:04:45.824880: I tensorflow/core/common_runtime/gpu/gpu_device.cc:1720] Found device 0 with properties: 
pciBusID: 0000:3b:00.0 name: NVIDIA Tesla V100-SXM2-32GB computeCapability: 7.0
coreClock: 1.53GHz coreCount: 80 deviceMemorySize: 31.75GiB deviceMemoryBandwidth: 836.37GiB/s
2021-05-08 15:04:45.827765: W tensorflow/stream_executor/platform/default/dso_loader.cc:60] Could not load dynamic library 'libcudart.so.11.0'; dlerror: libcudart.so.11.0: cannot open shared object file: No such file or directory; LD_LIBRARY_PATH: /lsf/10.1/linux3.10-glibc2.17-x86_64/lib
2021-05-08 15:04:45.828586: W tensorflow/stream_executor/platform/default/dso_loader.cc:60] Could not load dynamic library 'libcublas.so.11'; dlerror: libcublas.so.11: cannot open shared object file: No such file or directory; LD_LIBRARY_PATH: /lsf/10.1/linux3.10-glibc2.17-x86_64/lib
2021-05-08 15:04:45.829406: W tensorflow/stream_executor/platform/default/dso_loader.cc:60] Could not load dynamic library 'libcublasLt.so.11'; dlerror: libcublasLt.so.11: cannot open shared object file: No such file or directory; LD_LIBRARY_PATH: /lsf/10.1/linux3.10-glibc2.17-x86_64/lib
2021-05-08 15:04:45.830221: W tensorflow/stream_executor/platform/default/dso_loader.cc:60] Could not load dynamic library 'libcufft.so.10'; dlerror: libcufft.so.10: cannot open shared object file: No such file or directory; LD_LIBRARY_PATH: /lsf/10.1/linux3.10-glibc2.17-x86_64/lib
2021-05-08 15:04:45.831028: W tensorflow/stream_executor/platform/default/dso_loader.cc:60] Could not load dynamic library 'libcurand.so.10'; dlerror: libcurand.so.10: cannot open shared object file: No such file or directory; LD_LIBRARY_PATH: /lsf/10.1/linux3.10-glibc2.17-x86_64/lib
2021-05-08 15:04:45.831814: W tensorflow/stream_executor/platform/default/dso_loader.cc:60] Could not load dynamic library 'libcusolver.so.10'; dlerror: libcusolver.so.10: cannot open shared object file: No such file or directory; LD_LIBRARY_PATH: /lsf/10.1/linux3.10-glibc2.17-x86_64/lib
2021-05-08 15:04:45.832607: W tensorflow/stream_executor/platform/default/dso_loader.cc:60] Could not load dynamic library 'libcusparse.so.11'; dlerror: libcusparse.so.11: cannot open shared object file: No such file or directory; LD_LIBRARY_PATH: /lsf/10.1/linux3.10-glibc2.17-x86_64/lib
2021-05-08 15:04:45.833472: W tensorflow/stream_executor/platform/default/dso_loader.cc:60] Could not load dynamic library 'libcudnn.so.8'; dlerror: libcudnn.so.8: cannot open shared object file: No such file or directory; LD_LIBRARY_PATH: /lsf/10.1/linux3.10-glibc2.17-x86_64/lib
2021-05-08 15:04:45.833483: W tensorflow/core/common_runtime/gpu/gpu_device.cc:1757] Cannot dlopen some GPU libraries. Please make sure the missing libraries mentioned above are installed properly if you would like to use GPU. Follow the guide at https://www.tensorflow.org/install/gpu for how to download and setup the required libraries for your platform.
Skipping registering GPU devices...
2021-05-08 15:04:45.833503: I tensorflow/core/common_runtime/gpu/gpu_device.cc:1261] Device interconnect StreamExecutor with strength 1 edge matrix:
2021-05-08 15:04:45.833511: I tensorflow/core/common_runtime/gpu/gpu_device.cc:1267]      0 
2021-05-08 15:04:45.833518: I tensorflow/core/common_runtime/gpu/gpu_device.cc:1280] 0:   N 
2021-05-08 15:04:45.834525: I tensorflow/core/grappler/optimizers/meta_optimizer.cc:928] Optimization results for grappler item: graph_to_optimize
  function_optimizer: function_optimizer did nothing. time = 0.002ms.
  function_optimizer: function_optimizer did nothing. time = 0ms.

2021-05-08 15:04:45.949055: W tensorflow/compiler/mlir/lite/python/tf_tfl_flatbuffer_helpers.cc:316] Ignored output_format.
2021-05-08 15:04:45.949102: W tensorflow/compiler/mlir/lite/python/tf_tfl_flatbuffer_helpers.cc:319] Ignored drop_control_dependency.
2021-05-08 15:04:46.012712: I tensorflow/lite/tools/optimize/quantize_weights.cc:222] Skipping quantization of tensor sequential_1/dense_15/MatMul because it has fewer than 1024 elements (768).
2021-05-08 15:04:47.471713: I tensorflow/core/grappler/devices.cc:69] Number of eligible GPUs (core count >= 8, compute capability >= 0.0): 1
2021-05-08 15:04:47.472070: I tensorflow/core/grappler/clusters/single_machine.cc:356] Starting new session
2021-05-08 15:04:47.472331: I tensorflow/compiler/jit/xla_gpu_device.cc:99] Not creating XLA devices, tf_xla_enable_xla_devices not set
2021-05-08 15:04:47.473547: I tensorflow/core/common_runtime/gpu/gpu_device.cc:1720] Found device 0 with properties: 
pciBusID: 0000:3b:00.0 name: NVIDIA Tesla V100-SXM2-32GB computeCapability: 7.0
coreClock: 1.53GHz coreCount: 80 deviceMemorySize: 31.75GiB deviceMemoryBandwidth: 836.37GiB/s
2021-05-08 15:04:47.476626: W tensorflow/stream_executor/platform/default/dso_loader.cc:60] Could not load dynamic library 'libcudart.so.11.0'; dlerror: libcudart.so.11.0: cannot open shared object file: No such file or directory; LD_LIBRARY_PATH: /lsf/10.1/linux3.10-glibc2.17-x86_64/lib
2021-05-08 15:04:47.477440: W tensorflow/stream_executor/platform/default/dso_loader.cc:60] Could not load dynamic library 'libcublas.so.11'; dlerror: libcublas.so.11: cannot open shared object file: No such file or directory; LD_LIBRARY_PATH: /lsf/10.1/linux3.10-glibc2.17-x86_64/lib
2021-05-08 15:04:47.478284: W tensorflow/stream_executor/platform/default/dso_loader.cc:60] Could not load dynamic library 'libcublasLt.so.11'; dlerror: libcublasLt.so.11: cannot open shared object file: No such file or directory; LD_LIBRARY_PATH: /lsf/10.1/linux3.10-glibc2.17-x86_64/lib
2021-05-08 15:04:47.479214: W tensorflow/stream_executor/platform/default/dso_loader.cc:60] Could not load dynamic library 'libcufft.so.10'; dlerror: libcufft.so.10: cannot open shared object file: No such file or directory; LD_LIBRARY_PATH: /lsf/10.1/linux3.10-glibc2.17-x86_64/lib
2021-05-08 15:04:47.480103: W tensorflow/stream_executor/platform/default/dso_loader.cc:60] Could not load dynamic library 'libcurand.so.10'; dlerror: libcurand.so.10: cannot open shared object file: No such file or directory; LD_LIBRARY_PATH: /lsf/10.1/linux3.10-glibc2.17-x86_64/lib
2021-05-08 15:04:47.480994: W tensorflow/stream_executor/platform/default/dso_loader.cc:60] Could not load dynamic library 'libcusolver.so.10'; dlerror: libcusolver.so.10: cannot open shared object file: No such file or directory; LD_LIBRARY_PATH: /lsf/10.1/linux3.10-glibc2.17-x86_64/lib
2021-05-08 15:04:47.481757: W tensorflow/stream_executor/platform/default/dso_loader.cc:60] Could not load dynamic library 'libcusparse.so.11'; dlerror: libcusparse.so.11: cannot open shared object file: No such file or directory; LD_LIBRARY_PATH: /lsf/10.1/linux3.10-glibc2.17-x86_64/lib
2021-05-08 15:04:47.482656: W tensorflow/stream_executor/platform/default/dso_loader.cc:60] Could not load dynamic library 'libcudnn.so.8'; dlerror: libcudnn.so.8: cannot open shared object file: No such file or directory; LD_LIBRARY_PATH: /lsf/10.1/linux3.10-glibc2.17-x86_64/lib
2021-05-08 15:04:47.482666: W tensorflow/core/common_runtime/gpu/gpu_device.cc:1757] Cannot dlopen some GPU libraries. Please make sure the missing libraries mentioned above are installed properly if you would like to use GPU. Follow the guide at https://www.tensorflow.org/install/gpu for how to download and setup the required libraries for your platform.
Skipping registering GPU devices...
2021-05-08 15:04:47.482687: I tensorflow/core/common_runtime/gpu/gpu_device.cc:1261] Device interconnect StreamExecutor with strength 1 edge matrix:
2021-05-08 15:04:47.482694: I tensorflow/core/common_runtime/gpu/gpu_device.cc:1267]      0 
2021-05-08 15:04:47.482702: I tensorflow/core/common_runtime/gpu/gpu_device.cc:1280] 0:   N 
2021-05-08 15:04:47.483743: I tensorflow/core/grappler/optimizers/meta_optimizer.cc:928] Optimization results for grappler item: graph_to_optimize
  function_optimizer: function_optimizer did nothing. time = 0.002ms.
  function_optimizer: function_optimizer did nothing. time = 0.001ms.

2021-05-08 15:04:47.599445: W tensorflow/compiler/mlir/lite/python/tf_tfl_flatbuffer_helpers.cc:316] Ignored output_format.
2021-05-08 15:04:47.599489: W tensorflow/compiler/mlir/lite/python/tf_tfl_flatbuffer_helpers.cc:319] Ignored drop_control_dependency.
2021-05-08 15:04:48.887113: I tensorflow/core/grappler/devices.cc:69] Number of eligible GPUs (core count >= 8, compute capability >= 0.0): 1
2021-05-08 15:04:48.887477: I tensorflow/core/grappler/clusters/single_machine.cc:356] Starting new session
2021-05-08 15:04:48.887730: I tensorflow/compiler/jit/xla_gpu_device.cc:99] Not creating XLA devices, tf_xla_enable_xla_devices not set
2021-05-08 15:04:48.888933: I tensorflow/core/common_runtime/gpu/gpu_device.cc:1720] Found device 0 with properties: 
pciBusID: 0000:3b:00.0 name: NVIDIA Tesla V100-SXM2-32GB computeCapability: 7.0
coreClock: 1.53GHz coreCount: 80 deviceMemorySize: 31.75GiB deviceMemoryBandwidth: 836.37GiB/s
2021-05-08 15:04:48.891862: W tensorflow/stream_executor/platform/default/dso_loader.cc:60] Could not load dynamic library 'libcudart.so.11.0'; dlerror: libcudart.so.11.0: cannot open shared object file: No such file or directory; LD_LIBRARY_PATH: /lsf/10.1/linux3.10-glibc2.17-x86_64/lib
2021-05-08 15:04:48.892646: W tensorflow/stream_executor/platform/default/dso_loader.cc:60] Could not load dynamic library 'libcublas.so.11'; dlerror: libcublas.so.11: cannot open shared object file: No such file or directory; LD_LIBRARY_PATH: /lsf/10.1/linux3.10-glibc2.17-x86_64/lib
2021-05-08 15:04:48.893419: W tensorflow/stream_executor/platform/default/dso_loader.cc:60] Could not load dynamic library 'libcublasLt.so.11'; dlerror: libcublasLt.so.11: cannot open shared object file: No such file or directory; LD_LIBRARY_PATH: /lsf/10.1/linux3.10-glibc2.17-x86_64/lib
2021-05-08 15:04:48.894181: W tensorflow/stream_executor/platform/default/dso_loader.cc:60] Could not load dynamic library 'libcufft.so.10'; dlerror: libcufft.so.10: cannot open shared object file: No such file or directory; LD_LIBRARY_PATH: /lsf/10.1/linux3.10-glibc2.17-x86_64/lib
2021-05-08 15:04:48.895077: W tensorflow/stream_executor/platform/default/dso_loader.cc:60] Could not load dynamic library 'libcurand.so.10'; dlerror: libcurand.so.10: cannot open shared object file: No such file or directory; LD_LIBRARY_PATH: /lsf/10.1/linux3.10-glibc2.17-x86_64/lib
2021-05-08 15:04:48.895934: W tensorflow/stream_executor/platform/default/dso_loader.cc:60] Could not load dynamic library 'libcusolver.so.10'; dlerror: libcusolver.so.10: cannot open shared object file: No such file or directory; LD_LIBRARY_PATH: /lsf/10.1/linux3.10-glibc2.17-x86_64/lib
2021-05-08 15:04:48.896830: W tensorflow/stream_executor/platform/default/dso_loader.cc:60] Could not load dynamic library 'libcusparse.so.11'; dlerror: libcusparse.so.11: cannot open shared object file: No such file or directory; LD_LIBRARY_PATH: /lsf/10.1/linux3.10-glibc2.17-x86_64/lib
2021-05-08 15:04:48.897620: W tensorflow/stream_executor/platform/default/dso_loader.cc:60] Could not load dynamic library 'libcudnn.so.8'; dlerror: libcudnn.so.8: cannot open shared object file: No such file or directory; LD_LIBRARY_PATH: /lsf/10.1/linux3.10-glibc2.17-x86_64/lib
2021-05-08 15:04:48.897635: W tensorflow/core/common_runtime/gpu/gpu_device.cc:1757] Cannot dlopen some GPU libraries. Please make sure the missing libraries mentioned above are installed properly if you would like to use GPU. Follow the guide at https://www.tensorflow.org/install/gpu for how to download and setup the required libraries for your platform.
Skipping registering GPU devices...
2021-05-08 15:04:48.897650: I tensorflow/core/common_runtime/gpu/gpu_device.cc:1261] Device interconnect StreamExecutor with strength 1 edge matrix:
2021-05-08 15:04:48.897657: I tensorflow/core/common_runtime/gpu/gpu_device.cc:1267]      0 
2021-05-08 15:04:48.897664: I tensorflow/core/common_runtime/gpu/gpu_device.cc:1280] 0:   N 
2021-05-08 15:04:48.898677: I tensorflow/core/grappler/optimizers/meta_optimizer.cc:928] Optimization results for grappler item: graph_to_optimize
  function_optimizer: function_optimizer did nothing. time = 0.001ms.
  function_optimizer: function_optimizer did nothing. time = 0.001ms.

2021-05-08 15:04:49.013619: W tensorflow/compiler/mlir/lite/python/tf_tfl_flatbuffer_helpers.cc:316] Ignored output_format.
2021-05-08 15:04:49.013663: W tensorflow/compiler/mlir/lite/python/tf_tfl_flatbuffer_helpers.cc:319] Ignored drop_control_dependency.
2021-05-08 15:04:49.076894: I tensorflow/lite/tools/optimize/quantize_weights.cc:222] Skipping quantization of tensor sequential_2/dense_23/MatMul because it has fewer than 1024 elements (768).
2021-05-08 15:04:50.348946: I tensorflow/core/grappler/devices.cc:69] Number of eligible GPUs (core count >= 8, compute capability >= 0.0): 1
2021-05-08 15:04:50.349309: I tensorflow/core/grappler/clusters/single_machine.cc:356] Starting new session
2021-05-08 15:04:50.349558: I tensorflow/compiler/jit/xla_gpu_device.cc:99] Not creating XLA devices, tf_xla_enable_xla_devices not set
2021-05-08 15:04:50.350769: I tensorflow/core/common_runtime/gpu/gpu_device.cc:1720] Found device 0 with properties: 
pciBusID: 0000:3b:00.0 name: NVIDIA Tesla V100-SXM2-32GB computeCapability: 7.0
coreClock: 1.53GHz coreCount: 80 deviceMemorySize: 31.75GiB deviceMemoryBandwidth: 836.37GiB/s
2021-05-08 15:04:50.353792: W tensorflow/stream_executor/platform/default/dso_loader.cc:60] Could not load dynamic library 'libcudart.so.11.0'; dlerror: libcudart.so.11.0: cannot open shared object file: No such file or directory; LD_LIBRARY_PATH: /lsf/10.1/linux3.10-glibc2.17-x86_64/lib
2021-05-08 15:04:50.354742: W tensorflow/stream_executor/platform/default/dso_loader.cc:60] Could not load dynamic library 'libcublas.so.11'; dlerror: libcublas.so.11: cannot open shared object file: No such file or directory; LD_LIBRARY_PATH: /lsf/10.1/linux3.10-glibc2.17-x86_64/lib
2021-05-08 15:04:50.355551: W tensorflow/stream_executor/platform/default/dso_loader.cc:60] Could not load dynamic library 'libcublasLt.so.11'; dlerror: libcublasLt.so.11: cannot open shared object file: No such file or directory; LD_LIBRARY_PATH: /lsf/10.1/linux3.10-glibc2.17-x86_64/lib
2021-05-08 15:04:50.356513: W tensorflow/stream_executor/platform/default/dso_loader.cc:60] Could not load dynamic library 'libcufft.so.10'; dlerror: libcufft.so.10: cannot open shared object file: No such file or directory; LD_LIBRARY_PATH: /lsf/10.1/linux3.10-glibc2.17-x86_64/lib
2021-05-08 15:04:50.357439: W tensorflow/stream_executor/platform/default/dso_loader.cc:60] Could not load dynamic library 'libcurand.so.10'; dlerror: libcurand.so.10: cannot open shared object file: No such file or directory; LD_LIBRARY_PATH: /lsf/10.1/linux3.10-glibc2.17-x86_64/lib
2021-05-08 15:04:50.358291: W tensorflow/stream_executor/platform/default/dso_loader.cc:60] Could not load dynamic library 'libcusolver.so.10'; dlerror: libcusolver.so.10: cannot open shared object file: No such file or directory; LD_LIBRARY_PATH: /lsf/10.1/linux3.10-glibc2.17-x86_64/lib
2021-05-08 15:04:50.359089: W tensorflow/stream_executor/platform/default/dso_loader.cc:60] Could not load dynamic library 'libcusparse.so.11'; dlerror: libcusparse.so.11: cannot open shared object file: No such file or directory; LD_LIBRARY_PATH: /lsf/10.1/linux3.10-glibc2.17-x86_64/lib
2021-05-08 15:04:50.359996: W tensorflow/stream_executor/platform/default/dso_loader.cc:60] Could not load dynamic library 'libcudnn.so.8'; dlerror: libcudnn.so.8: cannot open shared object file: No such file or directory; LD_LIBRARY_PATH: /lsf/10.1/linux3.10-glibc2.17-x86_64/lib
2021-05-08 15:04:50.360008: W tensorflow/core/common_runtime/gpu/gpu_device.cc:1757] Cannot dlopen some GPU libraries. Please make sure the missing libraries mentioned above are installed properly if you would like to use GPU. Follow the guide at https://www.tensorflow.org/install/gpu for how to download and setup the required libraries for your platform.
Skipping registering GPU devices...
2021-05-08 15:04:50.360023: I tensorflow/core/common_runtime/gpu/gpu_device.cc:1261] Device interconnect StreamExecutor with strength 1 edge matrix:
2021-05-08 15:04:50.360030: I tensorflow/core/common_runtime/gpu/gpu_device.cc:1267]      0 
2021-05-08 15:04:50.360037: I tensorflow/core/common_runtime/gpu/gpu_device.cc:1280] 0:   N 
2021-05-08 15:04:50.361034: I tensorflow/core/grappler/optimizers/meta_optimizer.cc:928] Optimization results for grappler item: graph_to_optimize
  function_optimizer: function_optimizer did nothing. time = 0.002ms.
  function_optimizer: function_optimizer did nothing. time = 0ms.

2021-05-08 15:04:50.476811: W tensorflow/compiler/mlir/lite/python/tf_tfl_flatbuffer_helpers.cc:316] Ignored output_format.
2021-05-08 15:04:50.476855: W tensorflow/compiler/mlir/lite/python/tf_tfl_flatbuffer_helpers.cc:319] Ignored drop_control_dependency.
2021-05-08 15:04:51.980138: I tensorflow/core/grappler/devices.cc:69] Number of eligible GPUs (core count >= 8, compute capability >= 0.0): 1
2021-05-08 15:04:51.980500: I tensorflow/core/grappler/clusters/single_machine.cc:356] Starting new session
2021-05-08 15:04:51.980760: I tensorflow/compiler/jit/xla_gpu_device.cc:99] Not creating XLA devices, tf_xla_enable_xla_devices not set
2021-05-08 15:04:51.981944: I tensorflow/core/common_runtime/gpu/gpu_device.cc:1720] Found device 0 with properties: 
pciBusID: 0000:3b:00.0 name: NVIDIA Tesla V100-SXM2-32GB computeCapability: 7.0
coreClock: 1.53GHz coreCount: 80 deviceMemorySize: 31.75GiB deviceMemoryBandwidth: 836.37GiB/s
2021-05-08 15:04:51.985111: W tensorflow/stream_executor/platform/default/dso_loader.cc:60] Could not load dynamic library 'libcudart.so.11.0'; dlerror: libcudart.so.11.0: cannot open shared object file: No such file or directory; LD_LIBRARY_PATH: /lsf/10.1/linux3.10-glibc2.17-x86_64/lib
2021-05-08 15:04:51.985947: W tensorflow/stream_executor/platform/default/dso_loader.cc:60] Could not load dynamic library 'libcublas.so.11'; dlerror: libcublas.so.11: cannot open shared object file: No such file or directory; LD_LIBRARY_PATH: /lsf/10.1/linux3.10-glibc2.17-x86_64/lib
2021-05-08 15:04:51.986764: W tensorflow/stream_executor/platform/default/dso_loader.cc:60] Could not load dynamic library 'libcublasLt.so.11'; dlerror: libcublasLt.so.11: cannot open shared object file: No such file or directory; LD_LIBRARY_PATH: /lsf/10.1/linux3.10-glibc2.17-x86_64/lib
2021-05-08 15:04:51.987894: W tensorflow/stream_executor/platform/default/dso_loader.cc:60] Could not load dynamic library 'libcufft.so.10'; dlerror: libcufft.so.10: cannot open shared object file: No such file or directory; LD_LIBRARY_PATH: /lsf/10.1/linux3.10-glibc2.17-x86_64/lib
2021-05-08 15:04:51.988690: W tensorflow/stream_executor/platform/default/dso_loader.cc:60] Could not load dynamic library 'libcurand.so.10'; dlerror: libcurand.so.10: cannot open shared object file: No such file or directory; LD_LIBRARY_PATH: /lsf/10.1/linux3.10-glibc2.17-x86_64/lib
2021-05-08 15:04:51.989493: W tensorflow/stream_executor/platform/default/dso_loader.cc:60] Could not load dynamic library 'libcusolver.so.10'; dlerror: libcusolver.so.10: cannot open shared object file: No such file or directory; LD_LIBRARY_PATH: /lsf/10.1/linux3.10-glibc2.17-x86_64/lib
2021-05-08 15:04:51.990270: W tensorflow/stream_executor/platform/default/dso_loader.cc:60] Could not load dynamic library 'libcusparse.so.11'; dlerror: libcusparse.so.11: cannot open shared object file: No such file or directory; LD_LIBRARY_PATH: /lsf/10.1/linux3.10-glibc2.17-x86_64/lib
2021-05-08 15:04:51.991200: W tensorflow/stream_executor/platform/default/dso_loader.cc:60] Could not load dynamic library 'libcudnn.so.8'; dlerror: libcudnn.so.8: cannot open shared object file: No such file or directory; LD_LIBRARY_PATH: /lsf/10.1/linux3.10-glibc2.17-x86_64/lib
2021-05-08 15:04:51.991211: W tensorflow/core/common_runtime/gpu/gpu_device.cc:1757] Cannot dlopen some GPU libraries. Please make sure the missing libraries mentioned above are installed properly if you would like to use GPU. Follow the guide at https://www.tensorflow.org/install/gpu for how to download and setup the required libraries for your platform.
Skipping registering GPU devices...
2021-05-08 15:04:51.991227: I tensorflow/core/common_runtime/gpu/gpu_device.cc:1261] Device interconnect StreamExecutor with strength 1 edge matrix:
2021-05-08 15:04:51.991234: I tensorflow/core/common_runtime/gpu/gpu_device.cc:1267]      0 
2021-05-08 15:04:51.991241: I tensorflow/core/common_runtime/gpu/gpu_device.cc:1280] 0:   N 
2021-05-08 15:04:51.992267: I tensorflow/core/grappler/optimizers/meta_optimizer.cc:928] Optimization results for grappler item: graph_to_optimize
  function_optimizer: function_optimizer did nothing. time = 0.002ms.
  function_optimizer: function_optimizer did nothing. time = 0ms.

2021-05-08 15:04:52.108204: W tensorflow/compiler/mlir/lite/python/tf_tfl_flatbuffer_helpers.cc:316] Ignored output_format.
2021-05-08 15:04:52.108251: W tensorflow/compiler/mlir/lite/python/tf_tfl_flatbuffer_helpers.cc:319] Ignored drop_control_dependency.
2021-05-08 15:04:52.173679: I tensorflow/lite/tools/optimize/quantize_weights.cc:222] Skipping quantization of tensor sequential_3/dense_31/MatMul because it has fewer than 1024 elements (768).
