
------------------------------------------------------------
Sender: LSF System <lsfadmin@hpc.dtu.dk>
Subject: Job 9623956: <My_Test_HPC> in cluster <dcc> Exited

Job <My_Test_HPC> was submitted from host <gbarlogin2> by user <s164272> in cluster <dcc> at Sat May  8 23:16:04 2021
Job was executed on host(s) <n-62-11-14>, in queue <gpuv100>, as user <s164272> in cluster <dcc> at Sat May  8 23:16:05 2021
</zhome/08/3/117881> was used as the home directory.
</zhome/08/3/117881/AlertNess> was used as the working directory.
Started at Sat May  8 23:16:05 2021
Terminated at Sat May  8 23:20:09 2021
Results reported at Sat May  8 23:20:09 2021

Your job looked like:

------------------------------------------------------------
# LSBATCH: User input
#!/bin/sh
#BSUB -q gpuv100
#BSUB -gpu "num=1"
#BSUB -J My_Test
### number of core
#BSUB -n 1 
### specify that all cores should be on the same host
#BSUB -R "span[hosts=1]"
#BSUB -J My_Test_HPC
### specify the memory needed
#BSUB -R "rusage[mem=32GB]"
#BSUB -R "select[gpu32gb]"
### Number of hours needed
#BSUB -W 23:59
### added outputs and errors to files
#BSUB -o Output_%J.out
#BSUB -e Error_%J.err

echo "Runnin script..."

source venv_1/bin/activate

python3 main.py 
------------------------------------------------------------

Exited with exit code 120.

Resource usage summary:

    CPU time :                                   237.58 sec.
    Max Memory :                                 376 MB
    Average Memory :                             354.50 MB
    Total Requested Memory :                     32768.00 MB
    Delta Memory :                               32392.00 MB
    Max Swap :                                   -
    Max Processes :                              4
    Max Threads :                                15
    Run time :                                   244 sec.
    Turnaround time :                            245 sec.

The output (if any) is above this job summary.



PS:

Read file <Error_9623956.err> for stderr output of this job.

